2026-01-18 13:12:34 - Attempting Insert: Patient: 40, Ref: 22, Type: Medical Services, Amt: 650, Appt: 37
Success! Bill ID: 32
2026-01-18 13:13:19 - Attempting Insert: Patient: 40, Ref: 3, Type: Pharmacy, Amt: 150, Appt: 17
Success! Bill ID: 33
2026-01-18 13:18:14 - Attempting Insert: Patient: 40, Ref: 21, Type: Medical Services, Amt: 650, Appt: 37
Success! Bill ID: 34
2026-01-18 14:07:22 - Attempting Insert: Patient: 37, Ref: 20, Type: Medical Services, Amt: 650, Appt: 36
Success! Bill ID: 35
2026-01-18 14:08:25 - Attempting Insert: Patient: 37, Ref: 20, Type: Medical Services, Amt: 650, Appt: 36
Success! Bill ID: 36
2026-01-18 14:23:53 - Attempting Insert: Patient: 41, Ref: 7, Type: Medical Services, Amt: 650, Appt: 24
Success! Bill ID: 37
2026-01-18 17:38:47 - Attempting Insert: Patient: 37, Ref: 23, Type: Pharmacy, Amt: 150, Appt: 38
Success! Bill ID: 40
2026-01-19 05:50:09 - Attempting Insert: Patient: 41, Ref: 25, Type: Medical Services, Amt: 650, Appt: 39
Success! Bill ID: 43
2026-01-19 16:41:22 - Attempting Insert: Patient: 38, Ref: 28, Type: Medical Services, Amt: 650, Appt: 41
Success! Bill ID: 48
2026-01-28 17:11:27 - Attempting Insert: Patient: 48, Ref: 38, Type: Pharmacy / Medical Services, Amt: 650, Appt: 57
Success! Bill ID: 73
2026-01-28 17:54:20 - Attempting Insert: Patient: 48, Ref: 37, Type: Pharmacy / Complete Clinic Bill, Amt: 650, Appt: 57
Success! Bill ID: 74
2026-01-28 17:59:33 - Attempting Insert: Patient: 49, Ref: 39, Type: Pharmacy / Complete Clinic Bill, Amt: 650, Appt: 58
Success! Bill ID: 75
2026-01-28 18:18:00 - Attempting Insert: Patient: 48, Ref: 37, Type: Pharmacy / Complete Clinic Bill, Amt: 650, Appt: 57
Success! Bill ID: 76
2026-01-28 18:26:39 - Attempting Insert: Patient: 37, Ref: 32, Type: Pharmacy / Complete Clinic Bill, Amt: 650, Appt: 3
Success! Bill ID: 77
2026-01-28 18:26:49 - Attempting Insert: Patient: 40, Ref: 34, Type: Pharmacy / Complete Clinic Bill, Amt: 850, Appt: 37
Success! Bill ID: 78
